This is pdfTeX, Version 3.14159265-2.6-1.40.21 (MiKTeX 20.12) (preloaded format=pdflatex 2021.1.5)  15 JUN 2021 11:14
entering extended mode
**./relatorio_final_ic.tex
(relatorio_final_ic.tex
LaTeX2e <2020-10-01> patch level 3
L3 programming layer <2020-12-07> xparse <2020-03-03>
("C:\Users\Windows 10\AppData\Local\Programs\MiKTeX 2.9\tex/latex/base\article.
cls"
Document Class: article 2020/04/10 v1.4m Standard LaTeX document class

("C:\Users\Windows 10\AppData\Local\Programs\MiKTeX 2.9\tex/latex/base\size11.c
lo"
File: size11.clo 2020/04/10 v1.4m Standard LaTeX file (size option)
)
\c@part=\count177
\c@section=\count178
\c@subsection=\count179
\c@subsubsection=\count180
\c@paragraph=\count181
\c@subparagraph=\count182
\c@figure=\count183
\c@table=\count184
\abovecaptionskip=\skip47
\belowcaptionskip=\skip48
\bibindent=\dimen138
)
("C:\Users\Windows 10\AppData\Local\Programs\MiKTeX 2.9\tex/latex/lm\lmodern.st
y"
Package: lmodern 2009/10/30 v1.6 Latin Modern Fonts
LaTeX Font Info:    Overwriting symbol font `operators' in version `normal'
(Font)                  OT1/cmr/m/n --> OT1/lmr/m/n on input line 22.
LaTeX Font Info:    Overwriting symbol font `letters' in version `normal'
(Font)                  OML/cmm/m/it --> OML/lmm/m/it on input line 23.
LaTeX Font Info:    Overwriting symbol font `symbols' in version `normal'
(Font)                  OMS/cmsy/m/n --> OMS/lmsy/m/n on input line 24.
LaTeX Font Info:    Overwriting symbol font `largesymbols' in version `normal'
(Font)                  OMX/cmex/m/n --> OMX/lmex/m/n on input line 25.
LaTeX Font Info:    Overwriting symbol font `operators' in version `bold'
(Font)                  OT1/cmr/bx/n --> OT1/lmr/bx/n on input line 26.
LaTeX Font Info:    Overwriting symbol font `letters' in version `bold'
(Font)                  OML/cmm/b/it --> OML/lmm/b/it on input line 27.
LaTeX Font Info:    Overwriting symbol font `symbols' in version `bold'
(Font)                  OMS/cmsy/b/n --> OMS/lmsy/b/n on input line 28.
LaTeX Font Info:    Overwriting symbol font `largesymbols' in version `bold'
(Font)                  OMX/cmex/m/n --> OMX/lmex/m/n on input line 29.
LaTeX Font Info:    Overwriting math alphabet `\mathbf' in version `normal'
(Font)                  OT1/cmr/bx/n --> OT1/lmr/bx/n on input line 31.
LaTeX Font Info:    Overwriting math alphabet `\mathsf' in version `normal'
(Font)                  OT1/cmss/m/n --> OT1/lmss/m/n on input line 32.
LaTeX Font Info:    Overwriting math alphabet `\mathit' in version `normal'
(Font)                  OT1/cmr/m/it --> OT1/lmr/m/it on input line 33.
LaTeX Font Info:    Overwriting math alphabet `\mathtt' in version `normal'
(Font)                  OT1/cmtt/m/n --> OT1/lmtt/m/n on input line 34.
LaTeX Font Info:    Overwriting math alphabet `\mathbf' in version `bold'
(Font)                  OT1/cmr/bx/n --> OT1/lmr/bx/n on input line 35.
LaTeX Font Info:    Overwriting math alphabet `\mathsf' in version `bold'
(Font)                  OT1/cmss/bx/n --> OT1/lmss/bx/n on input line 36.
LaTeX Font Info:    Overwriting math alphabet `\mathit' in version `bold'
(Font)                  OT1/cmr/bx/it --> OT1/lmr/bx/it on input line 37.
LaTeX Font Info:    Overwriting math alphabet `\mathtt' in version `bold'
(Font)                  OT1/cmtt/m/n --> OT1/lmtt/m/n on input line 38.
)
("C:\Users\Windows 10\AppData\Local\Programs\MiKTeX 2.9\tex/latex/amsfonts\amss
ymb.sty"
Package: amssymb 2013/01/14 v3.01 AMS font symbols

("C:\Users\Windows 10\AppData\Local\Programs\MiKTeX 2.9\tex/latex/amsfonts\amsf
onts.sty"
Package: amsfonts 2013/01/14 v3.01 Basic AMSFonts support
\@emptytoks=\toks15
\symAMSa=\mathgroup4
\symAMSb=\mathgroup5
LaTeX Font Info:    Redeclaring math symbol \hbar on input line 98.
LaTeX Font Info:    Overwriting math alphabet `\mathfrak' in version `bold'
(Font)                  U/euf/m/n --> U/euf/b/n on input line 106.
))
("C:\Users\Windows 10\AppData\Local\Programs\MiKTeX 2.9\tex/latex/amsmath\amsma
th.sty"
Package: amsmath 2020/09/23 v2.17i AMS math features
\@mathmargin=\skip49
For additional information on amsmath, use the `?' option.

("C:\Users\Windows 10\AppData\Local\Programs\MiKTeX 2.9\tex/latex/amsmath\amste
xt.sty"
Package: amstext 2000/06/29 v2.01 AMS text

("C:\Users\Windows 10\AppData\Local\Programs\MiKTeX 2.9\tex/latex/amsmath\amsge
n.sty"
File: amsgen.sty 1999/11/30 v2.0 generic functions
\@emptytoks=\toks16
\ex@=\dimen139
))
("C:\Users\Windows 10\AppData\Local\Programs\MiKTeX 2.9\tex/latex/amsmath\amsbs
y.sty"
Package: amsbsy 1999/11/29 v1.2d Bold Symbols
\pmbraise@=\dimen140
)
("C:\Users\Windows 10\AppData\Local\Programs\MiKTeX 2.9\tex/latex/amsmath\amsop
n.sty"
Package: amsopn 2016/03/08 v2.02 operator names
)
\inf@bad=\count185
LaTeX Info: Redefining \frac on input line 234.
\uproot@=\count186
\leftroot@=\count187
LaTeX Info: Redefining \overline on input line 399.
\classnum@=\count188
\DOTSCASE@=\count189
LaTeX Info: Redefining \ldots on input line 496.
LaTeX Info: Redefining \dots on input line 499.
LaTeX Info: Redefining \cdots on input line 620.
\Mathstrutbox@=\box47
\strutbox@=\box48
\big@size=\dimen141
LaTeX Font Info:    Redeclaring font encoding OML on input line 743.
LaTeX Font Info:    Redeclaring font encoding OMS on input line 744.
\macc@depth=\count190
\c@MaxMatrixCols=\count191
\dotsspace@=\muskip16
\c@parentequation=\count192
\dspbrk@lvl=\count193
\tag@help=\toks17
\row@=\count194
\column@=\count195
\maxfields@=\count196
\andhelp@=\toks18
\eqnshift@=\dimen142
\alignsep@=\dimen143
\tagshift@=\dimen144
\tagwidth@=\dimen145
\totwidth@=\dimen146
\lineht@=\dimen147
\@envbody=\toks19
\multlinegap=\skip50
\multlinetaggap=\skip51
\mathdisplay@stack=\toks20
LaTeX Info: Redefining \[ on input line 2923.
LaTeX Info: Redefining \] on input line 2924.
)
("C:\Users\Windows 10\AppData\Local\Programs\MiKTeX 2.9\tex/generic/iftex\ifxet
ex.sty"
Package: ifxetex 2019/10/25 v0.7 ifxetex legacy package. Use iftex instead.

("C:\Users\Windows 10\AppData\Local\Programs\MiKTeX 2.9\tex/generic/iftex\iftex
.sty"
Package: iftex 2020/03/06 v1.0d TeX engine tests
))
("C:\Users\Windows 10\AppData\Local\Programs\MiKTeX 2.9\tex/generic/iftex\iflua
tex.sty"
Package: ifluatex 2019/10/25 v1.5 ifluatex legacy package. Use iftex instead.
)
("C:\Users\Windows 10\AppData\Local\Programs\MiKTeX 2.9\tex/latex/base\fontenc.
sty"
Package: fontenc 2020/08/10 v2.0s Standard LaTeX package
LaTeX Font Info:    Trying to load font information for T1+lmr on input line 11
2.
("C:\Users\Windows 10\AppData\Local\Programs\MiKTeX 2.9\tex/latex/lm\t1lmr.fd"
File: t1lmr.fd 2009/10/30 v1.6 Font defs for Latin Modern
))
("C:\Users\Windows 10\AppData\Local\Programs\MiKTeX 2.9\tex/latex/base\inputenc
.sty"
Package: inputenc 2020/08/01 v1.3d Input encoding file
\inpenc@prehook=\toks21
\inpenc@posthook=\toks22
)
("C:\Users\Windows 10\AppData\Local\Programs\MiKTeX 2.9\tex/latex/base\textcomp
.sty"
Package: textcomp 2020/02/02 v2.0n Standard LaTeX package
)
("C:\Users\Windows 10\AppData\Local\Programs\MiKTeX 2.9\tex/latex/upquote\upquo
te.sty"
Package: upquote 2012/04/19 v1.3 upright-quote and grave-accent glyphs in verba
tim
)
("C:\Users\Windows 10\AppData\Local\Programs\MiKTeX 2.9\tex/latex/microtype\mic
rotype.sty"
Package: microtype 2020/12/07 v2.8 Micro-typographical refinements (RS)

("C:\Users\Windows 10\AppData\Local\Programs\MiKTeX 2.9\tex/latex/graphics\keyv
al.sty"
Package: keyval 2014/10/28 v1.15 key=value parser (DPC)
\KV@toks@=\toks23
)
\MT@toks=\toks24
\MT@count=\count197
LaTeX Info: Redefining \textls on input line 788.
\MT@outer@kern=\dimen148
LaTeX Info: Redefining \textmicrotypecontext on input line 1358.
\MT@listname@count=\count198

("C:\Users\Windows 10\AppData\Local\Programs\MiKTeX 2.9\tex/latex/microtype\mic
rotype-pdftex.def"
File: microtype-pdftex.def 2020/12/07 v2.8 Definitions specific to pdftex (RS)
LaTeX Info: Redefining \lsstyle on input line 915.
LaTeX Info: Redefining \lslig on input line 915.
\MT@outer@space=\skip52
)
Package microtype Info: Loading configuration file microtype.cfg.

("C:\Users\Windows 10\AppData\Local\Programs\MiKTeX 2.9\tex/latex/microtype\mic
rotype.cfg"
File: microtype.cfg 2020/12/07 v2.8 microtype main configuration file (RS)
))
("C:\Users\Windows 10\AppData\Local\Programs\MiKTeX 2.9\tex/latex/xcolor\xcolor
.sty"
Package: xcolor 2016/05/11 v2.12 LaTeX color extensions (UK)

("C:\Users\Windows 10\AppData\Local\Programs\MiKTeX 2.9\tex/latex/graphics-cfg\
color.cfg"
File: color.cfg 2016/01/02 v1.6 sample color configuration
)
Package xcolor Info: Driver file: pdftex.def on input line 225.

("C:\Users\Windows 10\AppData\Local\Programs\MiKTeX 2.9\tex/latex/graphics-def\
pdftex.def"
File: pdftex.def 2020/10/05 v1.2a Graphics/color driver for pdftex
)
Package xcolor Info: Model `cmy' substituted by `cmy0' on input line 1348.
Package xcolor Info: Model `hsb' substituted by `rgb' on input line 1352.
Package xcolor Info: Model `RGB' extended on input line 1364.
Package xcolor Info: Model `HTML' substituted by `rgb' on input line 1366.
Package xcolor Info: Model `Hsb' substituted by `hsb' on input line 1367.
Package xcolor Info: Model `tHsb' substituted by `hsb' on input line 1368.
Package xcolor Info: Model `HSB' substituted by `hsb' on input line 1369.
Package xcolor Info: Model `Gray' substituted by `gray' on input line 1370.
Package xcolor Info: Model `wave' substituted by `hsb' on input line 1371.
) ("C:\Users\Windows 10\AppData\Local\Programs\MiKTeX 2.9\tex/latex/xurl\xurl.s
ty"
Package: xurl 2020/12/30 v 0.09a modify URL breaks
("C:\Users\Windows 10\AppData\Local\Programs\MiKTeX 2.9\tex/latex/url\url.sty"
\Urlmuskip=\muskip17
Package: url 2013/09/16  ver 3.4  Verb mode for urls, etc.
))
("C:\Users\Windows 10\AppData\Local\Programs\MiKTeX 2.9\tex/latex/bookmark\book
mark.sty"
Package: bookmark 2020-11-06 v1.29 PDF bookmarks (HO)

("C:\Users\Windows 10\AppData\Local\Programs\MiKTeX 2.9\tex/latex/hyperref\hype
rref.sty"
Package: hyperref 2020-05-15 v7.00e Hypertext links for LaTeX

("C:\Users\Windows 10\AppData\Local\Programs\MiKTeX 2.9\tex/generic/ltxcmds\ltx
cmds.sty"
Package: ltxcmds 2020-05-10 v1.25 LaTeX kernel commands for general use (HO)
)
("C:\Users\Windows 10\AppData\Local\Programs\MiKTeX 2.9\tex/generic/pdftexcmds\
pdftexcmds.sty"
Package: pdftexcmds 2020-06-27 v0.33 Utility functions of pdfTeX for LuaTeX (HO
)

("C:\Users\Windows 10\AppData\Local\Programs\MiKTeX 2.9\tex/generic/infwarerr\i
nfwarerr.sty"
Package: infwarerr 2019/12/03 v1.5 Providing info/warning/error messages (HO)
)
Package pdftexcmds Info: \pdf@primitive is available.
Package pdftexcmds Info: \pdf@ifprimitive is available.
Package pdftexcmds Info: \pdfdraftmode found.
)
("C:\Users\Windows 10\AppData\Local\Programs\MiKTeX 2.9\tex/generic/kvsetkeys\k
vsetkeys.sty"
Package: kvsetkeys 2019/12/15 v1.18 Key value parser (HO)
)
("C:\Users\Windows 10\AppData\Local\Programs\MiKTeX 2.9\tex/generic/kvdefinekey
s\kvdefinekeys.sty"
Package: kvdefinekeys 2019-12-19 v1.6 Define keys (HO)
)
("C:\Users\Windows 10\AppData\Local\Programs\MiKTeX 2.9\tex/generic/pdfescape\p
dfescape.sty"
Package: pdfescape 2019/12/09 v1.15 Implements pdfTeX's escape features (HO)
)
("C:\Users\Windows 10\AppData\Local\Programs\MiKTeX 2.9\tex/latex/hycolor\hycol
or.sty"
Package: hycolor 2020-01-27 v1.10 Color options for hyperref/bookmark (HO)
)
("C:\Users\Windows 10\AppData\Local\Programs\MiKTeX 2.9\tex/latex/letltxmacro\l
etltxmacro.sty"
Package: letltxmacro 2019/12/03 v1.6 Let assignment for LaTeX macros (HO)
)
("C:\Users\Windows 10\AppData\Local\Programs\MiKTeX 2.9\tex/latex/auxhook\auxho
ok.sty"
Package: auxhook 2019-12-17 v1.6 Hooks for auxiliary files (HO)
)
("C:\Users\Windows 10\AppData\Local\Programs\MiKTeX 2.9\tex/latex/kvoptions\kvo
ptions.sty"
Package: kvoptions 2020-10-07 v3.14 Key value format for package options (HO)
)
\@linkdim=\dimen149
\Hy@linkcounter=\count199
\Hy@pagecounter=\count266

("C:\Users\Windows 10\AppData\Local\Programs\MiKTeX 2.9\tex/latex/hyperref\pd1e
nc.def"
File: pd1enc.def 2020-05-15 v7.00e Hyperref: PDFDocEncoding definition (HO)
Now handling font encoding PD1 ...
... no UTF-8 mapping file for font encoding PD1
)
("C:\Users\Windows 10\AppData\Local\Programs\MiKTeX 2.9\tex/generic/intcalc\int
calc.sty"
Package: intcalc 2019/12/15 v1.3 Expandable calculations with integers (HO)
)
("C:\Users\Windows 10\AppData\Local\Programs\MiKTeX 2.9\tex/generic/etexcmds\et
excmds.sty"
Package: etexcmds 2019/12/15 v1.7 Avoid name clashes with e-TeX commands (HO)
)
\Hy@SavedSpaceFactor=\count267
Package hyperref Info: Option `unicode' set `true' on input line 4338.

("C:\Users\Windows 10\AppData\Local\Programs\MiKTeX 2.9\tex/latex/hyperref\puen
c.def"
File: puenc.def 2020-05-15 v7.00e Hyperref: PDF Unicode definition (HO)
Now handling font encoding PU ...
... no UTF-8 mapping file for font encoding PU
)
Package hyperref Info: Hyper figures OFF on input line 4464.
Package hyperref Info: Link nesting OFF on input line 4469.
Package hyperref Info: Hyper index ON on input line 4472.
Package hyperref Info: Plain pages OFF on input line 4479.
Package hyperref Info: Backreferencing OFF on input line 4484.
Package hyperref Info: Implicit mode ON; LaTeX internals redefined.
Package hyperref Info: Bookmarks ON on input line 4717.
\c@Hy@tempcnt=\count268
LaTeX Info: Redefining \url on input line 5076.
\XeTeXLinkMargin=\dimen150

("C:\Users\Windows 10\AppData\Local\Programs\MiKTeX 2.9\tex/generic/bitset\bits
et.sty"
Package: bitset 2019/12/09 v1.3 Handle bit-vector datatype (HO)

("C:\Users\Windows 10\AppData\Local\Programs\MiKTeX 2.9\tex/generic/bigintcalc\
bigintcalc.sty"
Package: bigintcalc 2019/12/15 v1.5 Expandable calculations on big integers (HO
)
))
\Fld@menulength=\count269
\Field@Width=\dimen151
\Fld@charsize=\dimen152
Package hyperref Info: Hyper figures OFF on input line 6347.
Package hyperref Info: Link nesting OFF on input line 6352.
Package hyperref Info: Hyper index ON on input line 6355.
Package hyperref Info: backreferencing OFF on input line 6362.
Package hyperref Info: Link coloring OFF on input line 6367.
Package hyperref Info: Link coloring with OCG OFF on input line 6372.
Package hyperref Info: PDF/A mode OFF on input line 6377.
LaTeX Info: Redefining \ref on input line 6417.
LaTeX Info: Redefining \pageref on input line 6421.

("C:\Users\Windows 10\AppData\Local\Programs\MiKTeX 2.9\tex/latex/base\atbegshi
-ltx.sty"
Package: atbegshi-ltx 2020/08/17 v1.0a Emulation of the original atbegshi packa
ge
with kernel methods
)
\Hy@abspage=\count270
\c@Item=\count271
\c@Hfootnote=\count272
)
Package hyperref Info: Driver (autodetected): hpdftex.

("C:\Users\Windows 10\AppData\Local\Programs\MiKTeX 2.9\tex/latex/hyperref\hpdf
tex.def"
File: hpdftex.def 2020-05-15 v7.00e Hyperref driver for pdfTeX

("C:\Users\Windows 10\AppData\Local\Programs\MiKTeX 2.9\tex/latex/base\atveryen
d-ltx.sty"
Package: atveryend-ltx 2020/08/19 v1.0a Emulation of the original atvery packag
e
with kernel methods
)
\Fld@listcount=\count273
\c@bookmark@seq@number=\count274

("C:\Users\Windows 10\AppData\Local\Programs\MiKTeX 2.9\tex/latex/rerunfilechec
k\rerunfilecheck.sty"
Package: rerunfilecheck 2019/12/05 v1.9 Rerun checks for auxiliary files (HO)

("C:\Users\Windows 10\AppData\Local\Programs\MiKTeX 2.9\tex/generic/uniquecount
er\uniquecounter.sty"
Package: uniquecounter 2019/12/15 v1.4 Provide unlimited unique counter (HO)
)
Package uniquecounter Info: New unique counter `rerunfilecheck' on input line 2
86.
)
\Hy@SectionHShift=\skip53
)
("C:\Users\Windows 10\AppData\Local\Programs\MiKTeX 2.9\tex/latex/bookmark\bkm-
pdftex.def"
File: bkm-pdftex.def 2020-11-06 v1.29 bookmark driver for pdfTeX (HO)
\BKM@id=\count275
))
("C:\Users\Windows 10\AppData\Local\Programs\MiKTeX 2.9\tex/latex/geometry\geom
etry.sty"
Package: geometry 2020/01/02 v5.9 Page Geometry

("C:\Users\Windows 10\AppData\Local\Programs\MiKTeX 2.9\tex/generic/iftex\ifvte
x.sty"
Package: ifvtex 2019/10/25 v1.7 ifvtex legacy package. Use iftex instead.
)
\Gm@cnth=\count276
\Gm@cntv=\count277
\c@Gm@tempcnt=\count278
\Gm@bindingoffset=\dimen153
\Gm@wd@mp=\dimen154
\Gm@odd@mp=\dimen155
\Gm@even@mp=\dimen156
\Gm@layoutwidth=\dimen157
\Gm@layoutheight=\dimen158
\Gm@layouthoffset=\dimen159
\Gm@layoutvoffset=\dimen160
\Gm@dimlist=\toks25

("C:\Users\Windows 10\AppData\Local\Programs\MiKTeX 2.9\tex/latex/geometry\geom
etry.cfg"))
("C:\Users\Windows 10\AppData\Local\Programs\MiKTeX 2.9\tex/latex/graphics\grap
hicx.sty"
Package: graphicx 2020/09/09 v1.2b Enhanced LaTeX Graphics (DPC,SPQR)

("C:\Users\Windows 10\AppData\Local\Programs\MiKTeX 2.9\tex/latex/graphics\grap
hics.sty"
Package: graphics 2020/08/30 v1.4c Standard LaTeX Graphics (DPC,SPQR)

("C:\Users\Windows 10\AppData\Local\Programs\MiKTeX 2.9\tex/latex/graphics\trig
.sty"
Package: trig 2016/01/03 v1.10 sin cos tan (DPC)
)
("C:\Users\Windows 10\AppData\Local\Programs\MiKTeX 2.9\tex/latex/graphics-cfg\
graphics.cfg"
File: graphics.cfg 2016/06/04 v1.11 sample graphics configuration
)
Package graphics Info: Driver file: pdftex.def on input line 105.
)
\Gin@req@height=\dimen161
\Gin@req@width=\dimen162
)
("C:\Users\Windows 10\AppData\Local\Programs\MiKTeX 2.9\tex/latex/grffile\grffi
le.sty"
Package: grffile 2019/11/11 v2.1 Extended file name support for graphics (legac
y)
Package grffile Info: This package is an empty stub for compatibility on input 
line 40.
)
("C:\Users\Windows 10\AppData\Local\Programs\MiKTeX 2.9\tex/generic/babel\babel
.sty"
Package: babel 2020/12/16 3.52 The Babel package

("C:\Users\Windows 10\AppData\Local\Programs\MiKTeX 2.9\tex/generic/babel\babel
.def"
File: babel.def 2020/12/16 3.52 Babel common definitions
\babel@savecnt=\count279
\U@D=\dimen163
\l@babelnohyphens=\language83

("C:\Users\Windows 10\AppData\Local\Programs\MiKTeX 2.9\tex/generic/babel\txtba
bel.def")
\bbl@readstream=\read2
)
\bbl@dirlevel=\count280
*************************************
* Local config file bblopts.cfg used
*

("C:\Users\Windows 10\AppData\Local\Programs\MiKTeX 2.9\tex/latex/arabi\bblopts
.cfg"
File: bblopts.cfg 2005/09/08 v0.1 add Arabic and Farsi to "declared" options of
 babel
)
("C:\Users\Windows 10\AppData\Local\Programs\MiKTeX 2.9\tex/latex/babel-portuge
s\brazil.ldf"
Language: portuges 2020/05/04 v1.2r Portuguese support from the babel system
Package babel Info: \l@brazil = using hyphenrules for portuguese
(babel)             (\language60) on input line 111.
Package babel Info: Making " an active character on input line 143.
)
("C:\Users\Windows 10\AppData\Local\Programs\MiKTeX 2.9\tex/latex/babel-english
\english.ldf"
Language: english 2017/06/06 v3.3r English support from the babel system
Package babel Info: \l@canadian = using hyphenrules for english
(babel)             (\language0) on input line 102.
Package babel Info: \l@australian = using hyphenrules for ukenglish
(babel)             (\language77) on input line 105.
Package babel Info: \l@newzealand = using hyphenrules for ukenglish
(babel)             (\language77) on input line 108.
)
("C:\Users\Windows 10\AppData\Local\Programs\MiKTeX 2.9\tex/latex/babel-portuge
s\portuguese.ldf"
Language: portuges 2020/05/04 v1.2r Portuguese support from the babel system
))
("C:\Users\Windows 10\AppData\Local\Programs\MiKTeX 2.9\tex/latex/base\fontenc.
sty"
Package: fontenc 2020/08/10 v2.0s Standard LaTeX package
)
("C:\Users\Windows 10\AppData\Local\Programs\MiKTeX 2.9\tex/latex/babelbib\babe
lbib.sty"
Package: babelbib 2020/10/29 v1.33 babelbib: multilingual bibliographies (HH)
\c@btxromaniannumeral=\count281
)
("C:\Users\Windows 10\AppData\Local\Programs\MiKTeX 2.9\tex/latex/psnfss\times.
sty"
Package: times 2020/03/25 PSNFSS-v9.3 (SPQR) 
)
("C:\Users\Windows 10\AppData\Local\Programs\MiKTeX 2.9\tex/latex/caption\capti
on.sty"
Package: caption 2020/10/26 v3.5g Customizing captions (AR)

("C:\Users\Windows 10\AppData\Local\Programs\MiKTeX 2.9\tex/latex/caption\capti
on3.sty"
Package: caption3 2020/10/21 v2.2e caption3 kernel (AR)
\captionmargin=\dimen164
\captionmargin@=\dimen165
\captionwidth=\dimen166
\caption@tempdima=\dimen167
\caption@indent=\dimen168
\caption@parindent=\dimen169
\caption@hangindent=\dimen170
Package caption Info: Standard document class detected.
)
\c@caption@flags=\count282
\c@continuedfloat=\count283
Package caption Info: hyperref package is loaded.
)
("C:\Users\Windows 10\AppData\Local\Programs\MiKTeX 2.9\tex/latex/latex-tools\i
ndentfirst.sty"
Package: indentfirst 1995/11/23 v1.03 Indent first paragraph (DPC)
)
("C:\Users\Windows 10\AppData\Local\Programs\MiKTeX 2.9\tex/latex/booktabs\book
tabs.sty"
Package: booktabs 2020/01/12 v1.61803398 Publication quality tables
\heavyrulewidth=\dimen171
\lightrulewidth=\dimen172
\cmidrulewidth=\dimen173
\belowrulesep=\dimen174
\belowbottomsep=\dimen175
\aboverulesep=\dimen176
\abovetopsep=\dimen177
\cmidrulesep=\dimen178
\cmidrulekern=\dimen179
\defaultaddspace=\dimen180
\@cmidla=\count284
\@cmidlb=\count285
\@aboverulesep=\dimen181
\@belowrulesep=\dimen182
\@thisruleclass=\count286
\@lastruleclass=\count287
\@thisrulewidth=\dimen183
)
("C:\Users\Windows 10\AppData\Local\Programs\MiKTeX 2.9\tex/latex/latex-tools\l
ongtable.sty"
Package: longtable 2020/01/07 v4.13 Multi-page Table package (DPC)
\LTleft=\skip54
\LTright=\skip55
\LTpre=\skip56
\LTpost=\skip57
\LTchunksize=\count288
\LTcapwidth=\dimen184
\LT@head=\box49
\LT@firsthead=\box50
\LT@foot=\box51
\LT@lastfoot=\box52
\LT@cols=\count289
\LT@rows=\count290
\c@LT@tables=\count291
\c@LT@chunks=\count292
\LT@p@ftn=\toks26
)
("C:\Users\Windows 10\AppData\Local\Programs\MiKTeX 2.9\tex/latex/latex-tools\a
rray.sty"
Package: array 2020/10/01 v2.5c Tabular extension package (FMi)
\col@sep=\dimen185
\ar@mcellbox=\box53
\extrarowheight=\dimen186
\NC@list=\toks27
\extratabsurround=\skip58
\backup@length=\skip59
\ar@cellbox=\box54
)
("C:\Users\Windows 10\AppData\Local\Programs\MiKTeX 2.9\tex/latex/multirow\mult
irow.sty"
Package: multirow 2019/05/31 v2.5 Span multiple rows of a table
\multirow@colwidth=\skip60
\multirow@cntb=\count293
\multirow@dima=\skip61
\bigstrutjot=\dimen187
)
("C:\Users\Windows 10\AppData\Local\Programs\MiKTeX 2.9\tex/latex/wrapfig\wrapf
ig.sty"
\wrapoverhang=\dimen188
\WF@size=\dimen189
\c@WF@wrappedlines=\count294
\WF@box=\box55
\WF@everypar=\toks28
Package: wrapfig 2003/01/31  v 3.6
)
("C:\Users\Windows 10\AppData\Local\Programs\MiKTeX 2.9\tex/latex/float\float.s
ty"
Package: float 2001/11/08 v1.3d Float enhancements (AL)
\c@float@type=\count295
\float@exts=\toks29
\float@box=\box56
\@float@everytoks=\toks30
\@floatcapt=\box57
)
("C:\Users\Windows 10\AppData\Local\Programs\MiKTeX 2.9\tex/latex/colortbl\colo
rtbl.sty"
Package: colortbl 2020/01/04 v1.0e Color table columns (DPC)
\everycr=\toks31
\minrowclearance=\skip62
)
("C:\Users\Windows 10\AppData\Local\Programs\MiKTeX 2.9\tex/latex/pdflscape\pdf
lscape.sty"
Package: pdflscape 2019/12/05 v0.12 Display of landscape pages in PDF (HO)

("C:\Users\Windows 10\AppData\Local\Programs\MiKTeX 2.9\tex/latex/graphics\lsca
pe.sty"
Package: lscape 2020/05/28 v3.02 Landscape Pages (DPC)
)
Package pdflscape Info: Auto-detected driver: pdftex on input line 81.
) ("C:\Users\Windows 10\AppData\Local\Programs\MiKTeX 2.9\tex/latex/tabu\tabu.s
ty"
Package: tabu 2019/01/11 v2.9 - flexible LaTeX tabulars (FC+tabu-fixed)

("C:\Users\Windows 10\AppData\Local\Programs\MiKTeX 2.9\tex/latex/varwidth\varw
idth.sty"
Package: varwidth 2009/03/30 ver 0.92;  Variable-width minipages
\@vwid@box=\box58
\sift@deathcycles=\count296
\@vwid@loff=\dimen190
\@vwid@roff=\dimen191
)
\c@taburow=\count297
\tabu@nbcols=\count298
\tabu@cnt=\count299
\tabu@Xcol=\count300
\tabu@alloc=\count301
\tabu@nested=\count302
\tabu@target=\dimen192
\tabu@spreadtarget=\dimen193
\tabu@naturalX=\dimen194
\tabucolX=\dimen195
\tabu@Xsum=\dimen196
\extrarowdepth=\dimen197
\abovetabulinesep=\dimen198
\belowtabulinesep=\dimen199
\tabustrutrule=\dimen256
\tabu@thebody=\toks32
\tabu@footnotes=\toks33
\tabu@box=\box59
\tabu@arstrutbox=\box60
\tabu@hleads=\box61
\tabu@vleads=\box62
\tabu@cellskip=\skip63
)
("C:\Users\Windows 10\AppData\Local\Programs\MiKTeX 2.9\tex/latex/threeparttabl
e\threeparttable.sty"
Package: threeparttable 2003/06/13  v 3.0
\@tempboxb=\box63
)
("C:\Users\Windows 10\AppData\Local\Programs\MiKTeX 2.9\tex/latex/threeparttabl
ex\threeparttablex.sty"
Package: threeparttablex 2013/07/23 v0.3 by daleif

("C:\Users\Windows 10\AppData\Local\Programs\MiKTeX 2.9\tex/latex/environ\envir
on.sty"
Package: environ 2014/05/04 v0.3 A new way to define environments

("C:\Users\Windows 10\AppData\Local\Programs\MiKTeX 2.9\tex/latex/trimspaces\tr
imspaces.sty"
Package: trimspaces 2009/09/17 v1.1 Trim spaces around a token list
))
\TPTL@width=\skip64
) ("C:\Users\Windows 10\AppData\Local\Programs\MiKTeX 2.9\tex/latex/ulem\ulem.s
ty"
\UL@box=\box64
\UL@hyphenbox=\box65
\UL@skip=\skip65
\UL@hook=\toks34
\UL@height=\dimen257
\UL@pe=\count303
\UL@pixel=\dimen258
\ULC@box=\box66
Package: ulem 2019/11/18
\ULdepth=\dimen259
)
("C:\Users\Windows 10\AppData\Local\Programs\MiKTeX 2.9\tex/latex/makecell\make
cell.sty"
Package: makecell 2009/08/03 V0.1e Managing of Tab Column Heads and Cells
\rotheadsize=\dimen260
\c@nlinenum=\count304
\TeXr@lab=\toks35
)
LaTeX Font Info:    Trying to load font information for T1+ptm on input line 78
.

("C:\Users\Windows 10\AppData\Local\Programs\MiKTeX 2.9\tex/latex/psnfss\t1ptm.
fd"
File: t1ptm.fd 2001/06/04 font definitions for T1/ptm.
)
("C:\Users\Windows 10\AppData\Local\Programs\MiKTeX 2.9\tex/latex/l3backend\l3b
ackend-pdftex.def"
File: l3backend-pdftex.def 2020-09-24 L3 backend support: PDF output (pdfTeX)
\l__kernel_color_stack_int=\count305
\l__pdf_internal_box=\box67
) (relatorio_final_ic.aux

LaTeX Warning: Label `tab:variáveis' multiply defined.

)
\openout1 = `relatorio_final_ic.aux'.

LaTeX Font Info:    Checking defaults for OML/cmm/m/it on input line 78.
LaTeX Font Info:    ... okay on input line 78.
LaTeX Font Info:    Checking defaults for OMS/cmsy/m/n on input line 78.
LaTeX Font Info:    ... okay on input line 78.
LaTeX Font Info:    Checking defaults for OT1/cmr/m/n on input line 78.
LaTeX Font Info:    ... okay on input line 78.
LaTeX Font Info:    Checking defaults for T1/cmr/m/n on input line 78.
LaTeX Font Info:    ... okay on input line 78.
LaTeX Font Info:    Checking defaults for TS1/cmr/m/n on input line 78.
LaTeX Font Info:    ... okay on input line 78.
LaTeX Font Info:    Checking defaults for OMX/cmex/m/n on input line 78.
LaTeX Font Info:    ... okay on input line 78.
LaTeX Font Info:    Checking defaults for U/cmr/m/n on input line 78.
LaTeX Font Info:    ... okay on input line 78.
LaTeX Font Info:    Checking defaults for PD1/pdf/m/n on input line 78.
LaTeX Font Info:    ... okay on input line 78.
LaTeX Font Info:    Checking defaults for PU/pdf/m/n on input line 78.
LaTeX Font Info:    ... okay on input line 78.
LaTeX Info: Redefining \microtypecontext on input line 78.
Package microtype Info: Generating PDF output.
Package microtype Info: Character protrusion enabled (level 2).
Package microtype Info: Using protrusion set `basicmath'.
Package microtype Info: Automatic font expansion enabled (level 2),
(microtype)             stretch: 20, shrink: 20, step: 1, non-selected.
Package microtype Info: Using default expansion set `alltext-nott'.
LaTeX Info: Redefining \showhyphens on input line 78.
Package microtype Info: No adjustment of tracking.
Package microtype Info: No adjustment of interword spacing.
Package microtype Info: No adjustment of character kerning.

("C:\Users\Windows 10\AppData\Local\Programs\MiKTeX 2.9\tex/latex/microtype\mt-
ptm.cfg"
File: mt-ptm.cfg 2006/04/20 v1.7 microtype config. file: Times (RS)
)
("C:\Users\Windows 10\AppData\Local\Programs\MiKTeX 2.9\tex/context/base/mkii\s
upp-pdf.mkii"
[Loading MPS to PDF converter (version 2006.09.02).]
\scratchcounter=\count306
\scratchdimen=\dimen261
\scratchbox=\box68
\nofMPsegments=\count307
\nofMParguments=\count308
\everyMPshowfont=\toks36
\MPscratchCnt=\count309
\MPscratchDim=\dimen262
\MPnumerator=\count310
\makeMPintoPDFobject=\count311
\everyMPtoPDFconversion=\toks37
)
("C:\Users\Windows 10\AppData\Local\Programs\MiKTeX 2.9\tex/latex/epstopdf-pkg\
epstopdf-base.sty"
Package: epstopdf-base 2020-01-24 v2.11 Base part for package epstopdf
Package epstopdf-base Info: Redefining graphics rule for `.eps' on input line 4
85.
)
Package hyperref Info: Link coloring OFF on input line 78.

("C:\Users\Windows 10\AppData\Local\Programs\MiKTeX 2.9\tex/latex/hyperref\name
ref.sty"
Package: nameref 2019/09/16 v2.46 Cross-referencing by name of section

("C:\Users\Windows 10\AppData\Local\Programs\MiKTeX 2.9\tex/latex/refcount\refc
ount.sty"
Package: refcount 2019/12/15 v3.6 Data extraction from label references (HO)
)
("C:\Users\Windows 10\AppData\Local\Programs\MiKTeX 2.9\tex/generic/gettitlestr
ing\gettitlestring.sty"
Package: gettitlestring 2019/12/15 v1.6 Cleanup title references (HO)
)
\c@section@level=\count312
)
LaTeX Info: Redefining \ref on input line 78.
LaTeX Info: Redefining \pageref on input line 78.
LaTeX Info: Redefining \nameref on input line 78.
*geometry* driver: auto-detecting
*geometry* detected driver: pdftex
*geometry* verbose mode - [ preamble ] result:
* driver: pdftex
* paper: a4paper
* layout: <same size as paper>
* layoutoffset:(h,v)=(0.0pt,0.0pt)
* modes: 
* h-part:(L,W,R)=(71.1319pt, 455.24408pt, 71.1319pt)
* v-part:(T,H,B)=(99.01556pt, 597.50787pt, 148.5234pt)
* \paperwidth=597.50787pt
* \paperheight=845.04684pt
* \textwidth=455.24408pt
* \textheight=597.50787pt
* \oddsidemargin=-1.13809pt
* \evensidemargin=-1.13809pt
* \topmargin=-10.25443pt
* \headheight=12.0pt
* \headsep=25.0pt
* \topskip=11.0pt
* \footskip=30.0pt
* \marginparwidth=59.0pt
* \marginparsep=10.0pt
* \columnsep=10.0pt
* \skip\footins=10.0pt plus 4.0pt minus 2.0pt
* \hoffset=0.0pt
* \voffset=0.0pt
* \mag=1000
* \@twocolumnfalse
* \@twosidefalse
* \@mparswitchfalse
* \@reversemarginfalse
* (1in=72.27pt=25.4mm, 1cm=28.453pt)

babelbib: Set bibliography fall-back language to portuguese

("C:\Users\Windows 10\AppData\Local\Programs\MiKTeX 2.9\tex/latex/babelbib\port
uguese.bdf"
File: portuguese.bdf 2020/10/29 v1.33 babelbib: multilingual bibliographies (HH
)
babelbib extension \btxifchangecaseoff added to \extrasbrazil
babelbib extension \btxifchangecaseoff added to \extrasportuguese
)
("C:\Users\Windows 10\AppData\Local\Programs\MiKTeX 2.9\tex/latex/babelbib\engl
ish.bdf"
File: english.bdf 2020/10/29 v1.33 babelbib: multilingual bibliographies (HH)
babelbib extension \btxifchangecaseon added to \extrasenglish
)
babelbib: Load BibTeX extensions \bibsportuguese for portuguese
babelbib: Set language for keywords in the bibliography fixed to portuguese
Package caption Info: Begin \AtBeginDocument code.
Package caption Info: float package is loaded.
Package caption Info: longtable package is loaded.

("C:\Users\Windows 10\AppData\Local\Programs\MiKTeX 2.9\tex/latex/caption\ltcap
tion.sty"
Package: ltcaption 2020/05/30 v1.4b longtable captions (AR)
)
Package caption Info: threeparttable package is loaded.
Package caption Info: wrapfig package is loaded.
Package caption Info: End \AtBeginDocument code.
[1

{C:/Users/Windows 10/AppData/Local/MiKTeX/2.9/pdftex/config/pdftex.map}]
LaTeX Font Info:    Trying to load font information for TS1+ptm on input line 1
10.

("C:\Users\Windows 10\AppData\Local\Programs\MiKTeX 2.9\tex/latex/psnfss\ts1ptm
.fd"
File: ts1ptm.fd 2001/06/04 font definitions for TS1/ptm.
)pdfTeX warning (ext4): destination with the same identifier (name{page.1}) has
 been already used, duplicate ignored
<to be read again> 
                   \relax 
l.127 \newpage
               [1] (relatorio_final_ic.toc
LaTeX Font Info:    Trying to load font information for OT1+lmr on input line 4
.
("C:\Users\Windows 10\AppData\Local\Programs\MiKTeX 2.9\tex/latex/lm\ot1lmr.fd"
File: ot1lmr.fd 2009/10/30 v1.6 Font defs for Latin Modern
)
("C:\Users\Windows 10\AppData\Local\Programs\MiKTeX 2.9\tex/latex/microtype\mt-
cmr.cfg"
File: mt-cmr.cfg 2013/05/19 v2.2 microtype config. file: Computer Modern Roman 
(RS)
)
LaTeX Font Info:    Trying to load font information for OML+lmm on input line 4
.
("C:\Users\Windows 10\AppData\Local\Programs\MiKTeX 2.9\tex/latex/lm\omllmm.fd"
File: omllmm.fd 2009/10/30 v1.6 Font defs for Latin Modern
)
LaTeX Font Info:    Trying to load font information for OMS+lmsy on input line 
4.
("C:\Users\Windows 10\AppData\Local\Programs\MiKTeX 2.9\tex/latex/lm\omslmsy.fd
"
File: omslmsy.fd 2009/10/30 v1.6 Font defs for Latin Modern
)
LaTeX Font Info:    Trying to load font information for OMX+lmex on input line 
4.
("C:\Users\Windows 10\AppData\Local\Programs\MiKTeX 2.9\tex/latex/lm\omxlmex.fd
"
File: omxlmex.fd 2009/10/30 v1.6 Font defs for Latin Modern
)
LaTeX Font Info:    External font `lmex10' loaded for size
(Font)              <10.95> on input line 4.
LaTeX Font Info:    External font `lmex10' loaded for size
(Font)              <8> on input line 4.
LaTeX Font Info:    External font `lmex10' loaded for size
(Font)              <6> on input line 4.
LaTeX Font Info:    Trying to load font information for U+msa on input line 4.

("C:\Users\Windows 10\AppData\Local\Programs\MiKTeX 2.9\tex/latex/amsfonts\umsa
.fd"
File: umsa.fd 2013/01/14 v3.01 AMS symbols A
)
("C:\Users\Windows 10\AppData\Local\Programs\MiKTeX 2.9\tex/latex/microtype\mt-
msa.cfg"
File: mt-msa.cfg 2006/02/04 v1.1 microtype config. file: AMS symbols (a) (RS)
)
LaTeX Font Info:    Trying to load font information for U+msb on input line 4.

("C:\Users\Windows 10\AppData\Local\Programs\MiKTeX 2.9\tex/latex/amsfonts\umsb
.fd"
File: umsb.fd 2013/01/14 v3.01 AMS symbols B
)
("C:\Users\Windows 10\AppData\Local\Programs\MiKTeX 2.9\tex/latex/microtype\mt-
msb.cfg"
File: mt-msb.cfg 2005/06/01 v1.0 microtype config. file: AMS symbols (b) (RS)
))
\tf@toc=\write3
\openout3 = `relatorio_final_ic.toc'.

[2] [3]
Overfull \hbox (30.04558pt too wide) in paragraph at lines 274--305
 [][] 
 []

[4] [5] [6]
<C:/Users/Windows 10/Downloads/Treino.png, id=83, 752.8125pt x 519.44063pt>
File: C:/Users/Windows 10/Downloads/Treino.png Graphic file (type png)
<use C:/Users/Windows 10/Downloads/Treino.png>
Package pdftex.def Info: C:/Users/Windows 10/Downloads/Treino.png  used on inpu
t line 419.
(pdftex.def)             Requested size: 450.7031pt x 310.98514pt.
[7] [8 <C:/Users/Windows 10/Downloads/Treino.png>]
<relatorio_final_ic_files/figure-latex/unnamed-chunk-2-1.pdf, id=96, 433.62pt x
 216.81pt>
File: relatorio_final_ic_files/figure-latex/unnamed-chunk-2-1.pdf Graphic file 
(type pdf)
<use relatorio_final_ic_files/figure-latex/unnamed-chunk-2-1.pdf>
Package pdftex.def Info: relatorio_final_ic_files/figure-latex/unnamed-chunk-2-
1.pdf  used on input line 443.
(pdftex.def)             Requested size: 433.63878pt x 216.81938pt.
[9 <./relatorio_final_ic_files/figure-latex/unnamed-chunk-2-1.pdf>]
<relatorio_final_ic_files/figure-latex/unnamed-chunk-3-1.pdf, id=115, 650.43pt 
x 289.08pt>
File: relatorio_final_ic_files/figure-latex/unnamed-chunk-3-1.pdf Graphic file 
(type pdf)
<use relatorio_final_ic_files/figure-latex/unnamed-chunk-3-1.pdf>
Package pdftex.def Info: relatorio_final_ic_files/figure-latex/unnamed-chunk-3-
1.pdf  used on input line 486.
(pdftex.def)             Requested size: 455.2582pt x 202.33696pt.
[10 <./relatorio_final_ic_files/figure-latex/unnamed-chunk-3-1.pdf>]
<relatorio_final_ic_files/figure-latex/AUC e acurácia esc-1.pdf, id=126, 650.4
3pt x 289.08pt>
File: relatorio_final_ic_files/figure-latex/AUC e acurácia esc-1.pdf Graphic f
ile (type pdf)
<use relatorio_final_ic_files/figure-latex/AUC e acurácia esc-1.pdf>
Package pdftex.def Info: relatorio_final_ic_files/figure-latex/AUC e acurácia 
esc-1.pdf  used on input line 575.
(pdftex.def)             Requested size: 455.2582pt x 202.33696pt.
[11]
<relatorio_final_ic_files/figure-latex/AUC e acurácia-1.pdf, id=133, 650.43pt 
x 289.08pt>
File: relatorio_final_ic_files/figure-latex/AUC e acurácia-1.pdf Graphic file 
(type pdf)
<use relatorio_final_ic_files/figure-latex/AUC e acurácia-1.pdf>
Package pdftex.def Info: relatorio_final_ic_files/figure-latex/AUC e acurácia-
1.pdf  used on input line 598.
(pdftex.def)             Requested size: 455.2582pt x 202.33696pt.
LaTeX Font Info:    External font `lmex10' loaded for size
(Font)              <10> on input line 630.
LaTeX Font Info:    External font `lmex10' loaded for size
(Font)              <7> on input line 630.
LaTeX Font Info:    External font `lmex10' loaded for size
(Font)              <5> on input line 630.

Overfull \hbox (28.0604pt too wide) in paragraph at lines 630--655
 [][] 
 []

[12 <./relatorio_final_ic_files/figure-latex/AUC e acurácia esc-1.pdf>]
<relatorio_final_ic_files/figure-latex/lac plot-1.pdf, id=145, 433.62pt x 216.8
1pt>
File: relatorio_final_ic_files/figure-latex/lac plot-1.pdf Graphic file (type p
df)
<use relatorio_final_ic_files/figure-latex/lac plot-1.pdf>
Package pdftex.def Info: relatorio_final_ic_files/figure-latex/lac plot-1.pdf  
used on input line 659.
(pdftex.def)             Requested size: 433.63878pt x 216.81938pt.
[13 <./relatorio_final_ic_files/figure-latex/AUC e acurácia-1.pdf>]
<relatorio_final_ic_files/figure-latex/plot intervalo-1.pdf, id=158, 650.43pt x
 289.08pt>
File: relatorio_final_ic_files/figure-latex/plot intervalo-1.pdf Graphic file (
type pdf)
<use relatorio_final_ic_files/figure-latex/plot intervalo-1.pdf>
Package pdftex.def Info: relatorio_final_ic_files/figure-latex/plot intervalo-1
.pdf  used on input line 705.
(pdftex.def)             Requested size: 455.2582pt x 202.33696pt.
[14 <./relatorio_final_ic_files/figure-latex/lac plot-1.pdf>] [15 <./relatorio_
final_ic_files/figure-latex/plot intervalo-1.pdf>] [16] (relatorio_final_ic.aux
)

LaTeX Warning: There were multiply-defined labels.

 ) 
Here is how much of TeX's memory you used:
 16889 strings out of 479590
 262247 string characters out of 2859169
 608759 words of memory out of 3000000
 33419 multiletter control sequences out of 15000+200000
 469145 words of font info for 223 fonts, out of 3000000 for 9000
 1141 hyphenation exceptions out of 8191
 81i,11n,82p,947b,368s stack positions out of 5000i,500n,10000p,200000b,50000s
{C:/Users/Windows 10/AppData/Local/Programs/MiKTeX 2.9/fonts/enc/dvips/base/8
r.enc}{C:/Users/Windows 10/AppData/Local/Programs/MiKTeX 2.9/fonts/enc/dvips/lm
/lm-mathsy.enc}{C:/Users/Windows 10/AppData/Local/Programs/MiKTeX 2.9/fonts/enc
/dvips/lm/lm-mathex.enc}{C:/Users/Windows 10/AppData/Local/Programs/MiKTeX 2.9/
fonts/enc/dvips/lm/lm-rm.enc}{C:/Users/Windows 10/AppData/Local/Programs/MiKTeX
 2.9/fonts/enc/dvips/lm/lm-mathit.enc}<C:/Users/Windows 10/AppData/Local/Progra
ms/MiKTeX 2.9/fonts/type1/public/lm/lmex10.pfb><C:/Users/Windows 10/AppData/Loc
al/Programs/MiKTeX 2.9/fonts/type1/public/lm/lmmi10.pfb><C:/Users/Windows 10/Ap
pData/Local/Programs/MiKTeX 2.9/fonts/type1/public/lm/lmmi8.pfb><C:/Users/Windo
ws 10/AppData/Local/Programs/MiKTeX 2.9/fonts/type1/public/lm/lmr10.pfb><C:/Use
rs/Windows 10/AppData/Local/Programs/MiKTeX 2.9/fonts/type1/public/lm/lmr8.pfb>
<C:/Users/Windows 10/AppData/Local/Programs/MiKTeX 2.9/fonts/type1/public/lm/lm
sy10.pfb><C:/Users/Windows 10/AppData/Local/Programs/MiKTeX 2.9/fonts/type1/pub
lic/lm/lmsy8.pfb><C:/Users/Windows 10/AppData/Local/Programs/MiKTeX 2.9/fonts/t
ype1/urw/times/utmb8a.pfb><C:/Users/Windows 10/AppData/Local/Programs/MiKTeX 2.
9/fonts/type1/urw/times/utmr8a.pfb><C:/Users/Windows 10/AppData/Local/Programs/
MiKTeX 2.9/fonts/type1/urw/times/utmri8a.pfb>
Output written on relatorio_final_ic.pdf (17 pages, 1178550 bytes).
PDF statistics:
 318 PDF objects out of 1000 (max. 8388607)
 78 named destinations out of 1000 (max. 500000)
 41108 words of extra memory for PDF output out of 42996 (max. 10000000)

